file /home/mageste/Desktop/tcc/FCEUX_Learning_Environment/SConstruct,line 95:
	Configure(confdir = .sconf_temp)
scons: Configure: Checking for C library dw... 
scons: Configure: ".sconf_temp/conftest_0.c" is up to date.
scons: Configure: The original builder output was:
  |.sconf_temp/conftest_0.c <-
  |  |
  |  |
  |  |
  |  |int
  |  |main() {
  |  |  
  |  |return 0;
  |  |}
  |  |
  |
scons: Configure: ".sconf_temp/conftest_0.o" is up to date.
scons: Configure: The original builder output was:
  |gcc -o .sconf_temp/conftest_0.o -c -Wall -Wno-write-strings -Wno-sign-compare -Wno-unused-local-typedefs -fPIC -DPUBLIC_RELEASE .sconf_temp/conftest_0.c
  |
scons: Configure: Building ".sconf_temp/conftest_0" failed in a previous run and all its sources are up to date.
scons: Configure: The original builder output was:
  |gcc -o .sconf_temp/conftest_0 -shared .sconf_temp/conftest_0.o -ldw
  |
scons: Configure: (cached) no

scons: Configure: Checking for C function asprintf()... 
scons: Configure: ".sconf_temp/conftest_1.c" is up to date.
scons: Configure: The original builder output was:
  |.sconf_temp/conftest_1.c <-
  |  |
  |  |
  |  |#include <assert.h>
  |  |
  |  |#ifdef __cplusplus
  |  |extern "C"
  |  |#endif
  |  |char asprintf();
  |  |
  |  |int main() {
  |  |#if defined (__stub_asprintf) || defined (__stub___asprintf)
  |  |  fail fail fail
  |  |#else
  |  |  asprintf();
  |  |#endif
  |  |
  |  |  return 0;
  |  |}
  |  |
  |
scons: Configure: ".sconf_temp/conftest_1.o" is up to date.
scons: Configure: The original builder output was:
  |gcc -o .sconf_temp/conftest_1.o -c -Wall -Wno-write-strings -Wno-sign-compare -Wno-unused-local-typedefs -fPIC -DPUBLIC_RELEASE .sconf_temp/conftest_1.c
  |
scons: Configure: ".sconf_temp/conftest_1" is up to date.
scons: Configure: The original builder output was:
  |gcc -o .sconf_temp/conftest_1 -shared .sconf_temp/conftest_1.o
  |
scons: Configure: (cached) yes

scons: Configure: Checking for inflate in C library z... 
scons: Configure: ".sconf_temp/conftest_2.c" is up to date.
scons: Configure: The original builder output was:
  |.sconf_temp/conftest_2.c <-
  |  |
  |  |
  |  |#include "zlib.h"
  |  |
  |  |int
  |  |main() {
  |  |  inflate;
  |  |return 0;
  |  |}
  |  |
  |
scons: Configure: ".sconf_temp/conftest_2.o" is up to date.
scons: Configure: The original builder output was:
  |gcc -o .sconf_temp/conftest_2.o -c -Wall -Wno-write-strings -Wno-sign-compare -Wno-unused-local-typedefs -fPIC -DHAVE_ASPRINTF -DPUBLIC_RELEASE .sconf_temp/conftest_2.c
  |
scons: Configure: ".sconf_temp/conftest_2" is up to date.
scons: Configure: The original builder output was:
  |gcc -o .sconf_temp/conftest_2 -shared .sconf_temp/conftest_2.o -lz
  |
scons: Configure: (cached) yes

scons: Configure: Checking for C library SDL... 
scons: Configure: ".sconf_temp/conftest_3.c" is up to date.
scons: Configure: The original builder output was:
  |.sconf_temp/conftest_3.c <-
  |  |
  |  |
  |  |
  |  |int
  |  |main() {
  |  |  
  |  |return 0;
  |  |}
  |  |
  |
scons: Configure: ".sconf_temp/conftest_3.o" is up to date.
scons: Configure: The original builder output was:
  |gcc -o .sconf_temp/conftest_3.o -c -Wall -Wno-write-strings -Wno-sign-compare -Wno-unused-local-typedefs -fPIC -DHAVE_ASPRINTF -DPUBLIC_RELEASE .sconf_temp/conftest_3.c
  |
scons: Configure: ".sconf_temp/conftest_3" is up to date.
scons: Configure: The original builder output was:
  |gcc -o .sconf_temp/conftest_3 -shared .sconf_temp/conftest_3.o -lz -lSDL
  |
scons: Configure: (cached) yes

scons: Configure: Checking for C library gd... 
scons: Configure: ".sconf_temp/conftest_4.c" is up to date.
scons: Configure: The original builder output was:
  |.sconf_temp/conftest_4.c <-
  |  |
  |  |
  |  |
  |  |int
  |  |main() {
  |  |  
  |  |return 0;
  |  |}
  |  |
  |
scons: Configure: ".sconf_temp/conftest_4.o" is up to date.
scons: Configure: The original builder output was:
  |gcc -o .sconf_temp/conftest_4.o -c -Wall -Wno-write-strings -Wno-sign-compare -Wno-unused-local-typedefs -fPIC -DHAVE_ASPRINTF -DLUA_USE_LINUX -Isrc/lua/src -DPUBLIC_RELEASE -D_GNU_SOURCE=1 -D_REENTRANT -D_S9XLUA_H -I/usr/include/SDL .sconf_temp/conftest_4.c
  |
scons: Configure: ".sconf_temp/conftest_4" is up to date.
scons: Configure: The original builder output was:
  |gcc -o .sconf_temp/conftest_4 -shared -Wl,--as-needed .sconf_temp/conftest_4.o -L/usr/lib/x86_64-linux-gnu -lz -lSDL -ldl -lgd
  |
scons: Configure: (cached) yes

scons: Configure: Checking for C library GL... 
scons: Configure: ".sconf_temp/conftest_5.c" is up to date.
scons: Configure: The original builder output was:
  |.sconf_temp/conftest_5.c <-
  |  |
  |  |
  |  |#include "GL/gl.h"
  |  |
  |  |int
  |  |main() {
  |  |  
  |  |return 0;
  |  |}
  |  |
  |
scons: Configure: ".sconf_temp/conftest_5.o" is up to date.
scons: Configure: The original builder output was:
  |gcc -o .sconf_temp/conftest_5.o -c -Wall -Wno-write-strings -Wno-sign-compare -Wno-unused-local-typedefs -fPIC -DHAVE_ASPRINTF -DLUA_USE_LINUX -Isrc/lua/src -DPUBLIC_RELEASE -D_GNU_SOURCE=1 -D_REENTRANT -D_S9XLUA_H -I/usr/include/SDL .sconf_temp/conftest_5.c
  |
scons: Configure: ".sconf_temp/conftest_5" is up to date.
scons: Configure: The original builder output was:
  |gcc -o .sconf_temp/conftest_5 -shared -Wl,--as-needed .sconf_temp/conftest_5.o -L/usr/lib/x86_64-linux-gnu -lz -lSDL -ldl -lgd -lGL
  |
scons: Configure: (cached) yes


